
*** Running vivado
    with args -log p12.vds -m64 -product Vivado -mode batch -messageDb vivado.pb -notrace -source p12.tcl


****** Vivado v2020.2 (64-bit)
  **** SW Build 3064766 on Wed Nov 18 09:12:47 MST 2020
  **** IP Build 3064653 on Wed Nov 18 14:17:31 MST 2020
    ** Copyright 1986-2020 Xilinx, Inc. All Rights Reserved.

source p12.tcl -notrace
Command: synth_design -top p12 -part xc7a100tcsg324-1
Starting synth_design
Attempting to get a license for feature 'Synthesis' and/or device 'xc7a100t'
INFO: [Common 17-349] Got license for feature 'Synthesis' and/or device 'xc7a100t'
INFO: [Synth 8-7079] Multithreading enabled for synth_design using a maximum of 4 processes.
INFO: [Synth 8-7078] Launching helper process for spawning children vivado processes
INFO: [Synth 8-7075] Helper process launched with PID 4615
---------------------------------------------------------------------------------
Starting Synthesize : Time (s): cpu = 00:00:04 ; elapsed = 00:00:15 . Memory (MB): peak = 2292.824 ; gain = 0.000 ; free physical = 184 ; free virtual = 4318
---------------------------------------------------------------------------------
INFO: [Synth 8-638] synthesizing module 'p12' [/home/brandon/Documentos/p11arreglo/p11arreglo.srcs/sources_1/new/p11arreglo.vhd:13]
INFO: [Synth 8-256] done synthesizing module 'p12' (1#1) [/home/brandon/Documentos/p11arreglo/p11arreglo.srcs/sources_1/new/p11arreglo.vhd:13]
---------------------------------------------------------------------------------
Finished Synthesize : Time (s): cpu = 00:00:05 ; elapsed = 00:00:18 . Memory (MB): peak = 2292.824 ; gain = 0.000 ; free physical = 927 ; free virtual = 5030
---------------------------------------------------------------------------------
---------------------------------------------------------------------------------
Finished Constraint Validation : Time (s): cpu = 00:00:06 ; elapsed = 00:00:20 . Memory (MB): peak = 2292.824 ; gain = 0.000 ; free physical = 901 ; free virtual = 5004
---------------------------------------------------------------------------------
---------------------------------------------------------------------------------
Start Loading Part and Timing Information
---------------------------------------------------------------------------------
Loading part: xc7a100tcsg324-1
---------------------------------------------------------------------------------
Finished Loading Part and Timing Information : Time (s): cpu = 00:00:06 ; elapsed = 00:00:20 . Memory (MB): peak = 2300.762 ; gain = 7.938 ; free physical = 891 ; free virtual = 4995
---------------------------------------------------------------------------------
INFO: [Device 21-403] Loading part xc7a100tcsg324-1
---------------------------------------------------------------------------------
Finished RTL Optimization Phase 2 : Time (s): cpu = 00:00:06 ; elapsed = 00:00:20 . Memory (MB): peak = 2300.762 ; gain = 7.938 ; free physical = 877 ; free virtual = 4981
---------------------------------------------------------------------------------
No constraint files found.
---------------------------------------------------------------------------------
Start RTL Component Statistics 
---------------------------------------------------------------------------------
Detailed RTL Component Info : 
+---Registers : 
	                9 Bit    Registers := 1     
+---Muxes : 
	   2 Input    9 Bit        Muxes := 1     
	   2 Input    1 Bit        Muxes := 1     
---------------------------------------------------------------------------------
Finished RTL Component Statistics 
---------------------------------------------------------------------------------
---------------------------------------------------------------------------------
Start Part Resource Summary
---------------------------------------------------------------------------------
Part Resources:
DSPs: 240 (col length:80)
BRAMs: 270 (col length: RAMB18 80 RAMB36 40)
---------------------------------------------------------------------------------
Finished Part Resource Summary
---------------------------------------------------------------------------------
No constraint files found.
---------------------------------------------------------------------------------
Start Cross Boundary and Area Optimization
---------------------------------------------------------------------------------
---------------------------------------------------------------------------------
Finished Cross Boundary and Area Optimization : Time (s): cpu = 00:00:10 ; elapsed = 00:00:28 . Memory (MB): peak = 2300.762 ; gain = 7.938 ; free physical = 694 ; free virtual = 4802
---------------------------------------------------------------------------------
No constraint files found.
---------------------------------------------------------------------------------
Start Timing Optimization
---------------------------------------------------------------------------------
---------------------------------------------------------------------------------
Finished Timing Optimization : Time (s): cpu = 00:00:10 ; elapsed = 00:00:28 . Memory (MB): peak = 2300.762 ; gain = 7.938 ; free physical = 692 ; free virtual = 4800
---------------------------------------------------------------------------------
---------------------------------------------------------------------------------
Start Technology Mapping
---------------------------------------------------------------------------------
---------------------------------------------------------------------------------
Finished Technology Mapping : Time (s): cpu = 00:00:10 ; elapsed = 00:00:28 . Memory (MB): peak = 2300.762 ; gain = 7.938 ; free physical = 691 ; free virtual = 4799
---------------------------------------------------------------------------------
---------------------------------------------------------------------------------
Start IO Insertion
---------------------------------------------------------------------------------
---------------------------------------------------------------------------------
Start Flattening Before IO Insertion
---------------------------------------------------------------------------------
---------------------------------------------------------------------------------
Finished Flattening Before IO Insertion
---------------------------------------------------------------------------------
---------------------------------------------------------------------------------
Start Final Netlist Cleanup
---------------------------------------------------------------------------------
---------------------------------------------------------------------------------
Finished Final Netlist Cleanup
---------------------------------------------------------------------------------
---------------------------------------------------------------------------------
Finished IO Insertion : Time (s): cpu = 00:00:14 ; elapsed = 00:00:33 . Memory (MB): peak = 2300.762 ; gain = 7.938 ; free physical = 691 ; free virtual = 4799
---------------------------------------------------------------------------------
---------------------------------------------------------------------------------
Start Renaming Generated Instances
---------------------------------------------------------------------------------
---------------------------------------------------------------------------------
Finished Renaming Generated Instances : Time (s): cpu = 00:00:14 ; elapsed = 00:00:33 . Memory (MB): peak = 2300.762 ; gain = 7.938 ; free physical = 691 ; free virtual = 4799
---------------------------------------------------------------------------------
---------------------------------------------------------------------------------
Start Rebuilding User Hierarchy
---------------------------------------------------------------------------------
---------------------------------------------------------------------------------
Finished Rebuilding User Hierarchy : Time (s): cpu = 00:00:14 ; elapsed = 00:00:33 . Memory (MB): peak = 2300.762 ; gain = 7.938 ; free physical = 691 ; free virtual = 4799
---------------------------------------------------------------------------------
---------------------------------------------------------------------------------
Start Renaming Generated Ports
---------------------------------------------------------------------------------
---------------------------------------------------------------------------------
Finished Renaming Generated Ports : Time (s): cpu = 00:00:14 ; elapsed = 00:00:33 . Memory (MB): peak = 2300.762 ; gain = 7.938 ; free physical = 691 ; free virtual = 4799
---------------------------------------------------------------------------------
---------------------------------------------------------------------------------
Start Handling Custom Attributes
---------------------------------------------------------------------------------
---------------------------------------------------------------------------------
Finished Handling Custom Attributes : Time (s): cpu = 00:00:14 ; elapsed = 00:00:33 . Memory (MB): peak = 2300.762 ; gain = 7.938 ; free physical = 691 ; free virtual = 4799
---------------------------------------------------------------------------------
---------------------------------------------------------------------------------
Start Renaming Generated Nets
---------------------------------------------------------------------------------
---------------------------------------------------------------------------------
Finished Renaming Generated Nets : Time (s): cpu = 00:00:14 ; elapsed = 00:00:33 . Memory (MB): peak = 2300.762 ; gain = 7.938 ; free physical = 691 ; free virtual = 4799
---------------------------------------------------------------------------------
---------------------------------------------------------------------------------
Start Writing Synthesis Report
---------------------------------------------------------------------------------

Report BlackBoxes: 
+-+--------------+----------+
| |BlackBox name |Instances |
+-+--------------+----------+
+-+--------------+----------+

Report Cell Usage: 
+------+-----+------+
|      |Cell |Count |
+------+-----+------+
|1     |BUFG |     1|
|2     |LUT2 |     1|
|3     |LUT3 |     1|
|4     |LUT4 |     8|
|5     |FDCE |     9|
|6     |IBUF |    13|
|7     |OBUF |     9|
+------+-----+------+

Report Instance Areas: 
+------+---------+-------+------+
|      |Instance |Module |Cells |
+------+---------+-------+------+
|1     |top      |       |    42|
+------+---------+-------+------+
---------------------------------------------------------------------------------
Finished Writing Synthesis Report : Time (s): cpu = 00:00:14 ; elapsed = 00:00:33 . Memory (MB): peak = 2300.762 ; gain = 7.938 ; free physical = 691 ; free virtual = 4799
---------------------------------------------------------------------------------
Synthesis finished with 0 errors, 0 critical warnings and 0 warnings.
Synthesis Optimization Runtime : Time (s): cpu = 00:00:14 ; elapsed = 00:00:33 . Memory (MB): peak = 2300.762 ; gain = 7.938 ; free physical = 694 ; free virtual = 4802
Synthesis Optimization Complete : Time (s): cpu = 00:00:14 ; elapsed = 00:00:33 . Memory (MB): peak = 2300.770 ; gain = 7.938 ; free physical = 694 ; free virtual = 4802
INFO: [Project 1-571] Translating synthesized netlist
Netlist sorting complete. Time (s): cpu = 00:00:00.01 ; elapsed = 00:00:00 . Memory (MB): peak = 2300.770 ; gain = 0.000 ; free physical = 775 ; free virtual = 4883
INFO: [Project 1-570] Preparing netlist for logic optimization
INFO: [Opt 31-138] Pushed 0 inverter(s) to 0 load pin(s).
Netlist sorting complete. Time (s): cpu = 00:00:00 ; elapsed = 00:00:00 . Memory (MB): peak = 2300.770 ; gain = 0.000 ; free physical = 690 ; free virtual = 4798
INFO: [Project 1-111] Unisim Transformation Summary:
No Unisim elements were transformed.

INFO: [Common 17-83] Releasing license: Synthesis
12 Infos, 0 Warnings, 0 Critical Warnings and 0 Errors encountered.
synth_design completed successfully
synth_design: Time (s): cpu = 00:00:22 ; elapsed = 00:00:37 . Memory (MB): peak = 2300.770 ; gain = 8.012 ; free physical = 836 ; free virtual = 4944
INFO: [Common 17-1381] The checkpoint '/home/brandon/Documentos/p11arreglo/p11arreglo.runs/synth_1/p12.dcp' has been generated.
INFO: [runtcl-4] Executing : report_utilization -file p12_utilization_synth.rpt -pb p12_utilization_synth.pb
INFO: [Common 17-206] Exiting Vivado at Tue Nov 30 17:14:36 2021...
