
*** Running vivado
    with args -log alu1.vdi -applog -m64 -product Vivado -messageDb vivado.pb -mode batch -source alu1.tcl -notrace


****** Vivado v2020.2 (64-bit)
  **** SW Build 3064766 on Wed Nov 18 09:12:47 MST 2020
  **** IP Build 3064653 on Wed Nov 18 14:17:31 MST 2020
    ** Copyright 1986-2020 Xilinx, Inc. All Rights Reserved.

source alu1.tcl -notrace
Command: link_design -top alu1 -part xc7a100tcsg324-1
Design is defaulting to srcset: sources_1
Design is defaulting to constrset: constrs_1
INFO: [Device 21-403] Loading part xc7a100tcsg324-1
Netlist sorting complete. Time (s): cpu = 00:00:00 ; elapsed = 00:00:00 . Memory (MB): peak = 2292.883 ; gain = 0.000 ; free physical = 966 ; free virtual = 4135
INFO: [Project 1-479] Netlist was created with Vivado 2020.2
INFO: [Project 1-570] Preparing netlist for logic optimization
Netlist sorting complete. Time (s): cpu = 00:00:00 ; elapsed = 00:00:00 . Memory (MB): peak = 2292.883 ; gain = 0.000 ; free physical = 881 ; free virtual = 4050
INFO: [Project 1-111] Unisim Transformation Summary:
No Unisim elements were transformed.

4 Infos, 0 Warnings, 0 Critical Warnings and 0 Errors encountered.
link_design completed successfully
link_design: Time (s): cpu = 00:00:06 ; elapsed = 00:00:08 . Memory (MB): peak = 2292.883 ; gain = 0.066 ; free physical = 880 ; free virtual = 4050
Command: opt_design
Attempting to get a license for feature 'Implementation' and/or device 'xc7a100t'
INFO: [Common 17-349] Got license for feature 'Implementation' and/or device 'xc7a100t'
Running DRC as a precondition to command opt_design

Starting DRC Task
INFO: [Project 1-461] DRC finished with 0 Errors
INFO: [Project 1-462] Please refer to the DRC report (report_drc) for more information.

Time (s): cpu = 00:00:00.65 ; elapsed = 00:00:01 . Memory (MB): peak = 2300.820 ; gain = 7.938 ; free physical = 870 ; free virtual = 4040

Starting Cache Timing Information Task
INFO: [Timing 38-35] Done setting XDC timing constraints.
Ending Cache Timing Information Task | Checksum: 10ec92041

Time (s): cpu = 00:00:08 ; elapsed = 00:00:11 . Memory (MB): peak = 2400.633 ; gain = 99.812 ; free physical = 467 ; free virtual = 3659

Starting Logic Optimization Task

Phase 1 Retarget
INFO: [Opt 31-138] Pushed 0 inverter(s) to 0 load pin(s).
INFO: [Opt 31-49] Retargeted 0 cell(s).
Phase 1 Retarget | Checksum: 10ec92041

Time (s): cpu = 00:00:00.04 ; elapsed = 00:00:00.12 . Memory (MB): peak = 2571.570 ; gain = 0.000 ; free physical = 304 ; free virtual = 3497
INFO: [Opt 31-389] Phase Retarget created 0 cells and removed 0 cells

Phase 2 Constant propagation
INFO: [Opt 31-138] Pushed 0 inverter(s) to 0 load pin(s).
Phase 2 Constant propagation | Checksum: 10ec92041

Time (s): cpu = 00:00:00.04 ; elapsed = 00:00:00.12 . Memory (MB): peak = 2571.570 ; gain = 0.000 ; free physical = 304 ; free virtual = 3497
INFO: [Opt 31-389] Phase Constant propagation created 0 cells and removed 0 cells

Phase 3 Sweep
Phase 3 Sweep | Checksum: 10ec92041

Time (s): cpu = 00:00:00.04 ; elapsed = 00:00:00.12 . Memory (MB): peak = 2571.570 ; gain = 0.000 ; free physical = 304 ; free virtual = 3497
INFO: [Opt 31-389] Phase Sweep created 0 cells and removed 0 cells

Phase 4 BUFG optimization
Phase 4 BUFG optimization | Checksum: 10ec92041

Time (s): cpu = 00:00:00.04 ; elapsed = 00:00:00.12 . Memory (MB): peak = 2571.570 ; gain = 0.000 ; free physical = 304 ; free virtual = 3497
INFO: [Opt 31-662] Phase BUFG optimization created 0 cells of which 0 are BUFGs and removed 0 cells.

Phase 5 Shift Register Optimization
INFO: [Opt 31-1064] SRL Remap converted 0 SRLs to 0 registers and converted 0 registers of register chains to 0 SRLs
Phase 5 Shift Register Optimization | Checksum: 10ec92041

Time (s): cpu = 00:00:00.04 ; elapsed = 00:00:00.12 . Memory (MB): peak = 2571.570 ; gain = 0.000 ; free physical = 304 ; free virtual = 3497
INFO: [Opt 31-389] Phase Shift Register Optimization created 0 cells and removed 0 cells

Phase 6 Post Processing Netlist
Phase 6 Post Processing Netlist | Checksum: 10ec92041

Time (s): cpu = 00:00:00.04 ; elapsed = 00:00:00.12 . Memory (MB): peak = 2571.570 ; gain = 0.000 ; free physical = 304 ; free virtual = 3497
INFO: [Opt 31-389] Phase Post Processing Netlist created 0 cells and removed 0 cells
Opt_design Change Summary
=========================


-------------------------------------------------------------------------------------------------------------------------
|  Phase                        |  #Cells created  |  #Cells Removed  |  #Constrained objects preventing optimizations  |
-------------------------------------------------------------------------------------------------------------------------
|  Retarget                     |               0  |               0  |                                              0  |
|  Constant propagation         |               0  |               0  |                                              0  |
|  Sweep                        |               0  |               0  |                                              0  |
|  BUFG optimization            |               0  |               0  |                                              0  |
|  Shift Register Optimization  |               0  |               0  |                                              0  |
|  Post Processing Netlist      |               0  |               0  |                                              0  |
-------------------------------------------------------------------------------------------------------------------------



Starting Connectivity Check Task

Time (s): cpu = 00:00:00 ; elapsed = 00:00:00 . Memory (MB): peak = 2571.570 ; gain = 0.000 ; free physical = 304 ; free virtual = 3497
Ending Logic Optimization Task | Checksum: 10ec92041

Time (s): cpu = 00:00:00.04 ; elapsed = 00:00:00.15 . Memory (MB): peak = 2571.570 ; gain = 0.000 ; free physical = 303 ; free virtual = 3495

Starting Power Optimization Task
INFO: [Pwropt 34-132] Skipping clock gating for clocks with a period < 2.00 ns.
Ending Power Optimization Task | Checksum: 10ec92041

Time (s): cpu = 00:00:00 ; elapsed = 00:00:00.04 . Memory (MB): peak = 2571.570 ; gain = 0.000 ; free physical = 300 ; free virtual = 3492

Starting Final Cleanup Task
Ending Final Cleanup Task | Checksum: 10ec92041

Time (s): cpu = 00:00:00 ; elapsed = 00:00:00 . Memory (MB): peak = 2571.570 ; gain = 0.000 ; free physical = 300 ; free virtual = 3492

Starting Netlist Obfuscation Task
Netlist sorting complete. Time (s): cpu = 00:00:00 ; elapsed = 00:00:00 . Memory (MB): peak = 2571.570 ; gain = 0.000 ; free physical = 300 ; free virtual = 3492
Ending Netlist Obfuscation Task | Checksum: 10ec92041

Time (s): cpu = 00:00:00 ; elapsed = 00:00:00 . Memory (MB): peak = 2571.570 ; gain = 0.000 ; free physical = 300 ; free virtual = 3492
INFO: [Common 17-83] Releasing license: Implementation
20 Infos, 0 Warnings, 0 Critical Warnings and 0 Errors encountered.
opt_design completed successfully
opt_design: Time (s): cpu = 00:00:11 ; elapsed = 00:00:16 . Memory (MB): peak = 2571.570 ; gain = 278.688 ; free physical = 300 ; free virtual = 3492
INFO: [Common 17-1381] The checkpoint '/home/brandon/Documentos/p6PARTE1/p6PARTE1.runs/impl_1/alu1_opt.dcp' has been generated.
INFO: [runtcl-4] Executing : report_drc -file alu1_drc_opted.rpt -pb alu1_drc_opted.pb -rpx alu1_drc_opted.rpx
Command: report_drc -file alu1_drc_opted.rpt -pb alu1_drc_opted.pb -rpx alu1_drc_opted.rpx
INFO: [IP_Flow 19-234] Refreshing IP repositories
INFO: [IP_Flow 19-1704] No user IP repositories specified
INFO: [IP_Flow 19-2313] Loaded Vivado IP repository '/tools/Xilinx/Vivado/2020.2/data/ip'.
INFO: [Timing 38-35] Done setting XDC timing constraints.
INFO: [Coretcl 2-168] The results of DRC are in file /home/brandon/Documentos/p6PARTE1/p6PARTE1.runs/impl_1/alu1_drc_opted.rpt.
report_drc completed successfully
Command: place_design
Attempting to get a license for feature 'Implementation' and/or device 'xc7a100t'
INFO: [Common 17-349] Got license for feature 'Implementation' and/or device 'xc7a100t'
INFO: [Vivado_Tcl 4-198] DRC finished with 0 Errors
INFO: [Vivado_Tcl 4-199] Please refer to the DRC report (report_drc) for more information.
Running DRC as a precondition to command place_design
INFO: [Vivado_Tcl 4-198] DRC finished with 0 Errors
INFO: [Vivado_Tcl 4-199] Please refer to the DRC report (report_drc) for more information.

Starting Placer Task

Phase 1 Placer Initialization

Phase 1.1 Placer Initialization Netlist Sorting
Netlist sorting complete. Time (s): cpu = 00:00:00.01 ; elapsed = 00:00:00 . Memory (MB): peak = 2615.328 ; gain = 0.000 ; free physical = 249 ; free virtual = 3443
Phase 1.1 Placer Initialization Netlist Sorting | Checksum: be46c12c

Time (s): cpu = 00:00:00.01 ; elapsed = 00:00:00.01 . Memory (MB): peak = 2615.328 ; gain = 0.000 ; free physical = 249 ; free virtual = 3443
Netlist sorting complete. Time (s): cpu = 00:00:00 ; elapsed = 00:00:00 . Memory (MB): peak = 2615.328 ; gain = 0.000 ; free physical = 249 ; free virtual = 3443

Phase 1.2 IO Placement/ Clock Placement/ Build Placer Device
Phase 1.2 IO Placement/ Clock Placement/ Build Placer Device | Checksum: 1b505a345

Time (s): cpu = 00:00:00.20 ; elapsed = 00:00:00.36 . Memory (MB): peak = 2615.328 ; gain = 0.000 ; free physical = 261 ; free virtual = 3455

Phase 1.3 Build Placer Netlist Model
Phase 1.3 Build Placer Netlist Model | Checksum: 1ec0dea92

Time (s): cpu = 00:00:00.22 ; elapsed = 00:00:00.43 . Memory (MB): peak = 2615.328 ; gain = 0.000 ; free physical = 261 ; free virtual = 3455

Phase 1.4 Constrain Clocks/Macros
Phase 1.4 Constrain Clocks/Macros | Checksum: 1ec0dea92

Time (s): cpu = 00:00:00.23 ; elapsed = 00:00:00.43 . Memory (MB): peak = 2615.328 ; gain = 0.000 ; free physical = 261 ; free virtual = 3455
Phase 1 Placer Initialization | Checksum: 1ec0dea92

Time (s): cpu = 00:00:00.23 ; elapsed = 00:00:00.44 . Memory (MB): peak = 2615.328 ; gain = 0.000 ; free physical = 260 ; free virtual = 3454

Phase 2 Global Placement

Phase 2.1 Floorplanning
Phase 2.1 Floorplanning | Checksum: 1ec0dea92

Time (s): cpu = 00:00:00.24 ; elapsed = 00:00:00.45 . Memory (MB): peak = 2615.328 ; gain = 0.000 ; free physical = 259 ; free virtual = 3453

Phase 2.2 Update Timing before SLR Path Opt
Phase 2.2 Update Timing before SLR Path Opt | Checksum: 1ec0dea92

Time (s): cpu = 00:00:00.24 ; elapsed = 00:00:00.45 . Memory (MB): peak = 2615.328 ; gain = 0.000 ; free physical = 259 ; free virtual = 3453

Phase 2.3 Global Placement Core
WARNING: [Place 46-29] place_design is not in timing mode. Skip physical synthesis in placer
Phase 2.3 Global Placement Core | Checksum: 22cd948c1

Time (s): cpu = 00:00:00.32 ; elapsed = 00:00:00.55 . Memory (MB): peak = 2615.328 ; gain = 0.000 ; free physical = 250 ; free virtual = 3444
Phase 2 Global Placement | Checksum: 22cd948c1

Time (s): cpu = 00:00:00.32 ; elapsed = 00:00:00.55 . Memory (MB): peak = 2615.328 ; gain = 0.000 ; free physical = 250 ; free virtual = 3444

Phase 3 Detail Placement

Phase 3.1 Commit Multi Column Macros
Phase 3.1 Commit Multi Column Macros | Checksum: 22cd948c1

Time (s): cpu = 00:00:00.32 ; elapsed = 00:00:00.56 . Memory (MB): peak = 2615.328 ; gain = 0.000 ; free physical = 250 ; free virtual = 3444

Phase 3.2 Commit Most Macros & LUTRAMs
Phase 3.2 Commit Most Macros & LUTRAMs | Checksum: 1fd05f274

Time (s): cpu = 00:00:00.33 ; elapsed = 00:00:00.57 . Memory (MB): peak = 2615.328 ; gain = 0.000 ; free physical = 250 ; free virtual = 3444

Phase 3.3 Area Swap Optimization
Phase 3.3 Area Swap Optimization | Checksum: 23cef78f3

Time (s): cpu = 00:00:00.33 ; elapsed = 00:00:00.57 . Memory (MB): peak = 2615.328 ; gain = 0.000 ; free physical = 250 ; free virtual = 3443

Phase 3.4 Pipeline Register Optimization
Phase 3.4 Pipeline Register Optimization | Checksum: 23cef78f3

Time (s): cpu = 00:00:00.33 ; elapsed = 00:00:00.57 . Memory (MB): peak = 2615.328 ; gain = 0.000 ; free physical = 250 ; free virtual = 3443

Phase 3.5 Small Shape Detail Placement
Phase 3.5 Small Shape Detail Placement | Checksum: 1f5e0234d

Time (s): cpu = 00:00:01 ; elapsed = 00:00:02 . Memory (MB): peak = 2615.328 ; gain = 0.000 ; free physical = 248 ; free virtual = 3441

Phase 3.6 Re-assign LUT pins
Phase 3.6 Re-assign LUT pins | Checksum: 1f5e0234d

Time (s): cpu = 00:00:01 ; elapsed = 00:00:02 . Memory (MB): peak = 2615.328 ; gain = 0.000 ; free physical = 248 ; free virtual = 3441

Phase 3.7 Pipeline Register Optimization
Phase 3.7 Pipeline Register Optimization | Checksum: 1f5e0234d

Time (s): cpu = 00:00:01 ; elapsed = 00:00:02 . Memory (MB): peak = 2615.328 ; gain = 0.000 ; free physical = 248 ; free virtual = 3441
Phase 3 Detail Placement | Checksum: 1f5e0234d

Time (s): cpu = 00:00:01 ; elapsed = 00:00:02 . Memory (MB): peak = 2615.328 ; gain = 0.000 ; free physical = 248 ; free virtual = 3441

Phase 4 Post Placement Optimization and Clean-Up

Phase 4.1 Post Commit Optimization
Phase 4.1 Post Commit Optimization | Checksum: 1f5e0234d

Time (s): cpu = 00:00:01 ; elapsed = 00:00:02 . Memory (MB): peak = 2615.328 ; gain = 0.000 ; free physical = 248 ; free virtual = 3441

Phase 4.2 Post Placement Cleanup
Phase 4.2 Post Placement Cleanup | Checksum: 1f5e0234d

Time (s): cpu = 00:00:01 ; elapsed = 00:00:02 . Memory (MB): peak = 2615.328 ; gain = 0.000 ; free physical = 249 ; free virtual = 3443

Phase 4.3 Placer Reporting

Phase 4.3.1 Print Estimated Congestion
INFO: [Place 30-612] Post-Placement Estimated Congestion 
 ____________________________________________________
|           | Global Congestion | Short Congestion  |
| Direction | Region Size       | Region Size       |
|___________|___________________|___________________|
|      North|                1x1|                1x1|
|___________|___________________|___________________|
|      South|                1x1|                1x1|
|___________|___________________|___________________|
|       East|                1x1|                1x1|
|___________|___________________|___________________|
|       West|                1x1|                1x1|
|___________|___________________|___________________|

Phase 4.3.1 Print Estimated Congestion | Checksum: 1f5e0234d

Time (s): cpu = 00:00:01 ; elapsed = 00:00:02 . Memory (MB): peak = 2615.328 ; gain = 0.000 ; free physical = 249 ; free virtual = 3443
Phase 4.3 Placer Reporting | Checksum: 1f5e0234d

Time (s): cpu = 00:00:01 ; elapsed = 00:00:02 . Memory (MB): peak = 2615.328 ; gain = 0.000 ; free physical = 249 ; free virtual = 3443

Phase 4.4 Final Placement Cleanup
Netlist sorting complete. Time (s): cpu = 00:00:00 ; elapsed = 00:00:00 . Memory (MB): peak = 2615.328 ; gain = 0.000 ; free physical = 249 ; free virtual = 3443

Time (s): cpu = 00:00:01 ; elapsed = 00:00:02 . Memory (MB): peak = 2615.328 ; gain = 0.000 ; free physical = 249 ; free virtual = 3443
Phase 4 Post Placement Optimization and Clean-Up | Checksum: 1f5e0234d

Time (s): cpu = 00:00:01 ; elapsed = 00:00:02 . Memory (MB): peak = 2615.328 ; gain = 0.000 ; free physical = 249 ; free virtual = 3443
Ending Placer Task | Checksum: 1913352a1

Time (s): cpu = 00:00:01 ; elapsed = 00:00:02 . Memory (MB): peak = 2615.328 ; gain = 0.000 ; free physical = 249 ; free virtual = 3443
INFO: [Common 17-83] Releasing license: Implementation
34 Infos, 1 Warnings, 0 Critical Warnings and 0 Errors encountered.
place_design completed successfully
Writing placer database...
Writing XDEF routing.
Writing XDEF routing logical nets.
Writing XDEF routing special nets.
Write XDEF Complete: Time (s): cpu = 00:00:00.07 ; elapsed = 00:00:00.21 . Memory (MB): peak = 2615.328 ; gain = 0.000 ; free physical = 258 ; free virtual = 3452
INFO: [Common 17-1381] The checkpoint '/home/brandon/Documentos/p6PARTE1/p6PARTE1.runs/impl_1/alu1_placed.dcp' has been generated.
INFO: [runtcl-4] Executing : report_io -file alu1_io_placed.rpt
report_io: Time (s): cpu = 00:00:00.12 ; elapsed = 00:00:00.20 . Memory (MB): peak = 2615.328 ; gain = 0.000 ; free physical = 248 ; free virtual = 3442
INFO: [runtcl-4] Executing : report_utilization -file alu1_utilization_placed.rpt -pb alu1_utilization_placed.pb
INFO: [runtcl-4] Executing : report_control_sets -verbose -file alu1_control_sets_placed.rpt
report_control_sets: Time (s): cpu = 00:00:00.05 ; elapsed = 00:00:00.11 . Memory (MB): peak = 2615.328 ; gain = 0.000 ; free physical = 255 ; free virtual = 3449
Command: phys_opt_design
Attempting to get a license for feature 'Implementation' and/or device 'xc7a100t'
INFO: [Common 17-349] Got license for feature 'Implementation' and/or device 'xc7a100t'
INFO: [Vivado_Tcl 4-235] No timing constraint found. The netlist was not modified.
INFO: [Common 17-83] Releasing license: Implementation
41 Infos, 1 Warnings, 0 Critical Warnings and 0 Errors encountered.
phys_opt_design completed successfully
Writing placer database...
Writing XDEF routing.
Writing XDEF routing logical nets.
Writing XDEF routing special nets.
Write XDEF Complete: Time (s): cpu = 00:00:00.01 ; elapsed = 00:00:00.02 . Memory (MB): peak = 2618.297 ; gain = 0.000 ; free physical = 239 ; free virtual = 3434
INFO: [Common 17-1381] The checkpoint '/home/brandon/Documentos/p6PARTE1/p6PARTE1.runs/impl_1/alu1_physopt.dcp' has been generated.
Command: route_design
Attempting to get a license for feature 'Implementation' and/or device 'xc7a100t'
INFO: [Common 17-349] Got license for feature 'Implementation' and/or device 'xc7a100t'
Running DRC as a precondition to command route_design
INFO: [Vivado_Tcl 4-198] DRC finished with 0 Errors
INFO: [Vivado_Tcl 4-199] Please refer to the DRC report (report_drc) for more information.


Starting Routing Task
Checksum: PlaceDB: d2ec9175 ConstDB: 0 ShapeSum: be46c12c RouteDB: 0

Phase 1 Build RT Design
Phase 1 Build RT Design | Checksum: 19729853e

Time (s): cpu = 00:00:23 ; elapsed = 00:00:27 . Memory (MB): peak = 2748.938 ; gain = 126.672 ; free physical = 120 ; free virtual = 3290
Post Restoration Checksum: NetGraph: ba2ee948 NumContArr: dcfa9bf6 Constraints: 0 Timing: 0

Phase 2 Router Initialization
INFO: [Route 35-64] No timing constraints were detected. The router will operate in resource-optimization mode.

Phase 2.1 Fix Topology Constraints
Phase 2.1 Fix Topology Constraints | Checksum: 19729853e

Time (s): cpu = 00:00:23 ; elapsed = 00:00:27 . Memory (MB): peak = 2752.938 ; gain = 130.672 ; free physical = 116 ; free virtual = 3286

Phase 2.2 Pre Route Cleanup
Phase 2.2 Pre Route Cleanup | Checksum: 19729853e

Time (s): cpu = 00:00:23 ; elapsed = 00:00:27 . Memory (MB): peak = 2752.938 ; gain = 130.672 ; free physical = 116 ; free virtual = 3286
Phase 2 Router Initialization | Checksum: 19729853e

Time (s): cpu = 00:00:24 ; elapsed = 00:00:27 . Memory (MB): peak = 2766.238 ; gain = 143.973 ; free physical = 114 ; free virtual = 3284

Router Utilization Summary
  Global Vertical Routing Utilization    = 0 %
  Global Horizontal Routing Utilization  = 0 %
  Routable Net Status*
  *Does not include unroutable nets such as driverless and loadless.
  Run report_route_status for detailed report.
  Number of Failed Nets               = 10
    (Failed Nets is the sum of unrouted and partially routed nets)
  Number of Unrouted Nets             = 10
  Number of Partially Routed Nets     = 0
  Number of Node Overlaps             = 0


Phase 3 Initial Routing

Phase 3.1 Global Routing
Phase 3.1 Global Routing | Checksum: 19729853e

Time (s): cpu = 00:00:24 ; elapsed = 00:00:28 . Memory (MB): peak = 2767.426 ; gain = 145.160 ; free physical = 113 ; free virtual = 3283
Phase 3 Initial Routing | Checksum: b93d5d29

Time (s): cpu = 00:00:24 ; elapsed = 00:00:28 . Memory (MB): peak = 2767.426 ; gain = 145.160 ; free physical = 112 ; free virtual = 3282

Phase 4 Rip-up And Reroute

Phase 4.1 Global Iteration 0
 Number of Nodes with overlaps = 1
 Number of Nodes with overlaps = 0
Phase 4.1 Global Iteration 0 | Checksum: 19fbc93cf

Time (s): cpu = 00:00:24 ; elapsed = 00:00:28 . Memory (MB): peak = 2767.426 ; gain = 145.160 ; free physical = 112 ; free virtual = 3282
Phase 4 Rip-up And Reroute | Checksum: 19fbc93cf

Time (s): cpu = 00:00:24 ; elapsed = 00:00:28 . Memory (MB): peak = 2767.426 ; gain = 145.160 ; free physical = 112 ; free virtual = 3282

Phase 5 Delay and Skew Optimization
Phase 5 Delay and Skew Optimization | Checksum: 19fbc93cf

Time (s): cpu = 00:00:24 ; elapsed = 00:00:28 . Memory (MB): peak = 2767.426 ; gain = 145.160 ; free physical = 112 ; free virtual = 3282

Phase 6 Post Hold Fix

Phase 6.1 Hold Fix Iter
Phase 6.1 Hold Fix Iter | Checksum: 19fbc93cf

Time (s): cpu = 00:00:24 ; elapsed = 00:00:28 . Memory (MB): peak = 2767.426 ; gain = 145.160 ; free physical = 112 ; free virtual = 3282
Phase 6 Post Hold Fix | Checksum: 19fbc93cf

Time (s): cpu = 00:00:24 ; elapsed = 00:00:28 . Memory (MB): peak = 2767.426 ; gain = 145.160 ; free physical = 112 ; free virtual = 3282

Phase 7 Route finalize

Router Utilization Summary
  Global Vertical Routing Utilization    = 0.001001 %
  Global Horizontal Routing Utilization  = 0.00177607 %
  Routable Net Status*
  *Does not include unroutable nets such as driverless and loadless.
  Run report_route_status for detailed report.
  Number of Failed Nets               = 0
    (Failed Nets is the sum of unrouted and partially routed nets)
  Number of Unrouted Nets             = 0
  Number of Partially Routed Nets     = 0
  Number of Node Overlaps             = 0

Congestion Report
North Dir 1x1 Area, Max Cong = 1.8018%, No Congested Regions.
South Dir 1x1 Area, Max Cong = 7.20721%, No Congested Regions.
East Dir 1x1 Area, Max Cong = 4.41176%, No Congested Regions.
West Dir 1x1 Area, Max Cong = 5.88235%, No Congested Regions.

------------------------------
Reporting congestion hotspots
------------------------------
Direction: North
----------------
Congested clusters found at Level 0
Effective congestion level: 0 Aspect Ratio: 1 Sparse Ratio: 0
Direction: South
----------------
Congested clusters found at Level 0
Effective congestion level: 0 Aspect Ratio: 1 Sparse Ratio: 0
Direction: East
----------------
Congested clusters found at Level 0
Effective congestion level: 0 Aspect Ratio: 1 Sparse Ratio: 0
Direction: West
----------------
Congested clusters found at Level 0
Effective congestion level: 0 Aspect Ratio: 1 Sparse Ratio: 0

Phase 7 Route finalize | Checksum: 19fbc93cf

Time (s): cpu = 00:00:24 ; elapsed = 00:00:28 . Memory (MB): peak = 2767.426 ; gain = 145.160 ; free physical = 112 ; free virtual = 3282

Phase 8 Verifying routed nets

 Verification completed successfully
Phase 8 Verifying routed nets | Checksum: 19fbc93cf

Time (s): cpu = 00:00:24 ; elapsed = 00:00:28 . Memory (MB): peak = 2767.426 ; gain = 145.160 ; free physical = 110 ; free virtual = 3280

Phase 9 Depositing Routes
Phase 9 Depositing Routes | Checksum: 129d7ba0f

Time (s): cpu = 00:00:24 ; elapsed = 00:00:28 . Memory (MB): peak = 2767.426 ; gain = 145.160 ; free physical = 110 ; free virtual = 3280
INFO: [Route 35-16] Router Completed Successfully

Time (s): cpu = 00:00:24 ; elapsed = 00:00:28 . Memory (MB): peak = 2781.301 ; gain = 159.035 ; free physical = 116 ; free virtual = 3286

Routing Is Done.
INFO: [Common 17-83] Releasing license: Implementation
48 Infos, 1 Warnings, 0 Critical Warnings and 0 Errors encountered.
route_design completed successfully
route_design: Time (s): cpu = 00:00:25 ; elapsed = 00:00:29 . Memory (MB): peak = 2781.301 ; gain = 163.004 ; free physical = 116 ; free virtual = 3286
INFO: [Common 17-600] The following parameters have non-default value.
general.maxThreads
Writing placer database...
Writing XDEF routing.
Writing XDEF routing logical nets.
Writing XDEF routing special nets.
Write XDEF Complete: Time (s): cpu = 00:00:00.01 ; elapsed = 00:00:00.02 . Memory (MB): peak = 2781.301 ; gain = 0.000 ; free physical = 116 ; free virtual = 3287
INFO: [Common 17-1381] The checkpoint '/home/brandon/Documentos/p6PARTE1/p6PARTE1.runs/impl_1/alu1_routed.dcp' has been generated.
INFO: [runtcl-4] Executing : report_drc -file alu1_drc_routed.rpt -pb alu1_drc_routed.pb -rpx alu1_drc_routed.rpx
Command: report_drc -file alu1_drc_routed.rpt -pb alu1_drc_routed.pb -rpx alu1_drc_routed.rpx
INFO: [IP_Flow 19-1839] IP Catalog is up to date.
INFO: [Coretcl 2-168] The results of DRC are in file /home/brandon/Documentos/p6PARTE1/p6PARTE1.runs/impl_1/alu1_drc_routed.rpt.
report_drc completed successfully
INFO: [runtcl-4] Executing : report_methodology -file alu1_methodology_drc_routed.rpt -pb alu1_methodology_drc_routed.pb -rpx alu1_methodology_drc_routed.rpx
Command: report_methodology -file alu1_methodology_drc_routed.rpt -pb alu1_methodology_drc_routed.pb -rpx alu1_methodology_drc_routed.rpx
INFO: [Timing 38-35] Done setting XDC timing constraints.
INFO: [Coretcl 2-1520] The results of Report Methodology are in file /home/brandon/Documentos/p6PARTE1/p6PARTE1.runs/impl_1/alu1_methodology_drc_routed.rpt.
report_methodology completed successfully
INFO: [runtcl-4] Executing : report_power -file alu1_power_routed.rpt -pb alu1_power_summary_routed.pb -rpx alu1_power_routed.rpx
Command: report_power -file alu1_power_routed.rpt -pb alu1_power_summary_routed.pb -rpx alu1_power_routed.rpx
INFO: [Timing 38-35] Done setting XDC timing constraints.
WARNING: [Power 33-232] No user defined clocks were found in the design! Power estimation will be inaccurate until this is corrected.
Resolution: Please specify clocks using create_clock/create_generated_clock for sequential elements. For pure combinatorial circuits, please specify a virtual clock, otherwise the vectorless estimation might be inaccurate
Running Vector-less Activity Propagation...

Finished Running Vector-less Activity Propagation
58 Infos, 2 Warnings, 0 Critical Warnings and 0 Errors encountered.
report_power completed successfully
INFO: [runtcl-4] Executing : report_route_status -file alu1_route_status.rpt -pb alu1_route_status.pb
INFO: [runtcl-4] Executing : report_timing_summary -max_paths 10 -file alu1_timing_summary_routed.rpt -pb alu1_timing_summary_routed.pb -rpx alu1_timing_summary_routed.rpx -warn_on_violation 
INFO: [Timing 38-91] UpdateTimingParams: Speed grade: -1, Delay Type: min_max.
WARNING: [Timing 38-313] There are no user specified timing constraints. Timing constraints are needed for proper timing analysis.
INFO: [runtcl-4] Executing : report_incremental_reuse -file alu1_incremental_reuse_routed.rpt
INFO: [Vivado_Tcl 4-1062] Incremental flow is disabled. No incremental reuse Info to report.
INFO: [runtcl-4] Executing : report_clock_utilization -file alu1_clock_utilization_routed.rpt
INFO: [runtcl-4] Executing : report_bus_skew -warn_on_violation -file alu1_bus_skew_routed.rpt -pb alu1_bus_skew_routed.pb -rpx alu1_bus_skew_routed.rpx
INFO: [Timing 38-91] UpdateTimingParams: Speed grade: -1, Delay Type: min_max.
INFO: [Common 17-206] Exiting Vivado at Tue Oct  5 18:23:46 2021...
