
*** Running vivado
    with args -log alu1.vds -m64 -product Vivado -mode batch -messageDb vivado.pb -notrace -source alu1.tcl


****** Vivado v2020.2 (64-bit)
  **** SW Build 3064766 on Wed Nov 18 09:12:47 MST 2020
  **** IP Build 3064653 on Wed Nov 18 14:17:31 MST 2020
    ** Copyright 1986-2020 Xilinx, Inc. All Rights Reserved.

source alu1.tcl -notrace
Command: synth_design -top alu1 -part xc7a100tcsg324-1
Starting synth_design
Attempting to get a license for feature 'Synthesis' and/or device 'xc7a100t'
INFO: [Common 17-349] Got license for feature 'Synthesis' and/or device 'xc7a100t'
INFO: [Synth 8-7079] Multithreading enabled for synth_design using a maximum of 4 processes.
INFO: [Synth 8-7078] Launching helper process for spawning children vivado processes
INFO: [Synth 8-7075] Helper process launched with PID 7359
---------------------------------------------------------------------------------
Starting Synthesize : Time (s): cpu = 00:00:05 ; elapsed = 00:00:13 . Memory (MB): peak = 2393.477 ; gain = 39.809 ; free physical = 110 ; free virtual = 3582
---------------------------------------------------------------------------------
INFO: [Synth 8-638] synthesizing module 'alu1' [/home/brandon/Documentos/p6/p6.srcs/sources_1/new/alu1.vhd:15]
INFO: [Synth 8-256] done synthesizing module 'alu1' (1#1) [/home/brandon/Documentos/p6/p6.srcs/sources_1/new/alu1.vhd:15]
---------------------------------------------------------------------------------
Finished Synthesize : Time (s): cpu = 00:00:06 ; elapsed = 00:00:17 . Memory (MB): peak = 2393.477 ; gain = 39.809 ; free physical = 218 ; free virtual = 3363
---------------------------------------------------------------------------------
---------------------------------------------------------------------------------
Finished Constraint Validation : Time (s): cpu = 00:00:07 ; elapsed = 00:00:18 . Memory (MB): peak = 2393.477 ; gain = 39.809 ; free physical = 909 ; free virtual = 4054
---------------------------------------------------------------------------------
---------------------------------------------------------------------------------
Start Loading Part and Timing Information
---------------------------------------------------------------------------------
Loading part: xc7a100tcsg324-1
---------------------------------------------------------------------------------
Finished Loading Part and Timing Information : Time (s): cpu = 00:00:07 ; elapsed = 00:00:18 . Memory (MB): peak = 2401.480 ; gain = 47.812 ; free physical = 935 ; free virtual = 4080
---------------------------------------------------------------------------------
INFO: [Device 21-403] Loading part xc7a100tcsg324-1
---------------------------------------------------------------------------------
Finished RTL Optimization Phase 2 : Time (s): cpu = 00:00:07 ; elapsed = 00:00:19 . Memory (MB): peak = 2401.480 ; gain = 47.812 ; free physical = 948 ; free virtual = 4095
---------------------------------------------------------------------------------
No constraint files found.
---------------------------------------------------------------------------------
Start RTL Component Statistics 
---------------------------------------------------------------------------------
Detailed RTL Component Info : 
+---XORs : 
	   2 Input      1 Bit         XORs := 3     
+---Muxes : 
	   2 Input    1 Bit        Muxes := 2     
	   4 Input    1 Bit        Muxes := 1     
---------------------------------------------------------------------------------
Finished RTL Component Statistics 
---------------------------------------------------------------------------------
---------------------------------------------------------------------------------
Start Part Resource Summary
---------------------------------------------------------------------------------
Part Resources:
DSPs: 240 (col length:80)
BRAMs: 270 (col length: RAMB18 80 RAMB36 40)
---------------------------------------------------------------------------------
Finished Part Resource Summary
---------------------------------------------------------------------------------
No constraint files found.
---------------------------------------------------------------------------------
Start Cross Boundary and Area Optimization
---------------------------------------------------------------------------------
---------------------------------------------------------------------------------
Finished Cross Boundary and Area Optimization : Time (s): cpu = 00:00:11 ; elapsed = 00:00:29 . Memory (MB): peak = 2401.480 ; gain = 47.812 ; free physical = 688 ; free virtual = 3858
---------------------------------------------------------------------------------
No constraint files found.
---------------------------------------------------------------------------------
Start Timing Optimization
---------------------------------------------------------------------------------
---------------------------------------------------------------------------------
Finished Timing Optimization : Time (s): cpu = 00:00:11 ; elapsed = 00:00:29 . Memory (MB): peak = 2401.480 ; gain = 47.812 ; free physical = 686 ; free virtual = 3856
---------------------------------------------------------------------------------
---------------------------------------------------------------------------------
Start Technology Mapping
---------------------------------------------------------------------------------
---------------------------------------------------------------------------------
Finished Technology Mapping : Time (s): cpu = 00:00:11 ; elapsed = 00:00:29 . Memory (MB): peak = 2401.480 ; gain = 47.812 ; free physical = 686 ; free virtual = 3856
---------------------------------------------------------------------------------
---------------------------------------------------------------------------------
Start IO Insertion
---------------------------------------------------------------------------------
---------------------------------------------------------------------------------
Start Flattening Before IO Insertion
---------------------------------------------------------------------------------
---------------------------------------------------------------------------------
Finished Flattening Before IO Insertion
---------------------------------------------------------------------------------
---------------------------------------------------------------------------------
Start Final Netlist Cleanup
---------------------------------------------------------------------------------
---------------------------------------------------------------------------------
Finished Final Netlist Cleanup
---------------------------------------------------------------------------------
---------------------------------------------------------------------------------
Finished IO Insertion : Time (s): cpu = 00:00:15 ; elapsed = 00:00:37 . Memory (MB): peak = 2401.480 ; gain = 47.812 ; free physical = 684 ; free virtual = 3854
---------------------------------------------------------------------------------
---------------------------------------------------------------------------------
Start Renaming Generated Instances
---------------------------------------------------------------------------------
---------------------------------------------------------------------------------
Finished Renaming Generated Instances : Time (s): cpu = 00:00:15 ; elapsed = 00:00:37 . Memory (MB): peak = 2401.480 ; gain = 47.812 ; free physical = 684 ; free virtual = 3854
---------------------------------------------------------------------------------
---------------------------------------------------------------------------------
Start Rebuilding User Hierarchy
---------------------------------------------------------------------------------
---------------------------------------------------------------------------------
Finished Rebuilding User Hierarchy : Time (s): cpu = 00:00:15 ; elapsed = 00:00:37 . Memory (MB): peak = 2401.480 ; gain = 47.812 ; free physical = 684 ; free virtual = 3854
---------------------------------------------------------------------------------
---------------------------------------------------------------------------------
Start Renaming Generated Ports
---------------------------------------------------------------------------------
---------------------------------------------------------------------------------
Finished Renaming Generated Ports : Time (s): cpu = 00:00:15 ; elapsed = 00:00:37 . Memory (MB): peak = 2401.480 ; gain = 47.812 ; free physical = 684 ; free virtual = 3854
---------------------------------------------------------------------------------
---------------------------------------------------------------------------------
Start Handling Custom Attributes
---------------------------------------------------------------------------------
---------------------------------------------------------------------------------
Finished Handling Custom Attributes : Time (s): cpu = 00:00:15 ; elapsed = 00:00:37 . Memory (MB): peak = 2401.480 ; gain = 47.812 ; free physical = 684 ; free virtual = 3854
---------------------------------------------------------------------------------
---------------------------------------------------------------------------------
Start Renaming Generated Nets
---------------------------------------------------------------------------------
---------------------------------------------------------------------------------
Finished Renaming Generated Nets : Time (s): cpu = 00:00:15 ; elapsed = 00:00:37 . Memory (MB): peak = 2401.480 ; gain = 47.812 ; free physical = 684 ; free virtual = 3854
---------------------------------------------------------------------------------
---------------------------------------------------------------------------------
Start Writing Synthesis Report
---------------------------------------------------------------------------------

Report BlackBoxes: 
+-+--------------+----------+
| |BlackBox name |Instances |
+-+--------------+----------+
+-+--------------+----------+

Report Cell Usage: 
+------+-----+------+
|      |Cell |Count |
+------+-----+------+
|1     |LUT2 |     1|
|2     |LUT6 |     2|
|3     |IBUF |     7|
|4     |OBUF |     2|
+------+-----+------+

Report Instance Areas: 
+------+---------+-------+------+
|      |Instance |Module |Cells |
+------+---------+-------+------+
|1     |top      |       |    12|
+------+---------+-------+------+
---------------------------------------------------------------------------------
Finished Writing Synthesis Report : Time (s): cpu = 00:00:15 ; elapsed = 00:00:37 . Memory (MB): peak = 2401.480 ; gain = 47.812 ; free physical = 684 ; free virtual = 3854
---------------------------------------------------------------------------------
Synthesis finished with 0 errors, 0 critical warnings and 0 warnings.
Synthesis Optimization Runtime : Time (s): cpu = 00:00:15 ; elapsed = 00:00:37 . Memory (MB): peak = 2401.480 ; gain = 47.812 ; free physical = 687 ; free virtual = 3857
Synthesis Optimization Complete : Time (s): cpu = 00:00:15 ; elapsed = 00:00:37 . Memory (MB): peak = 2401.488 ; gain = 47.812 ; free physical = 687 ; free virtual = 3857
INFO: [Project 1-571] Translating synthesized netlist
Netlist sorting complete. Time (s): cpu = 00:00:00 ; elapsed = 00:00:00 . Memory (MB): peak = 2401.488 ; gain = 0.000 ; free physical = 770 ; free virtual = 3941
INFO: [Project 1-570] Preparing netlist for logic optimization
INFO: [Opt 31-138] Pushed 0 inverter(s) to 0 load pin(s).
Netlist sorting complete. Time (s): cpu = 00:00:00 ; elapsed = 00:00:00 . Memory (MB): peak = 2401.488 ; gain = 0.000 ; free physical = 686 ; free virtual = 3858
INFO: [Project 1-111] Unisim Transformation Summary:
No Unisim elements were transformed.

INFO: [Common 17-83] Releasing license: Synthesis
12 Infos, 0 Warnings, 0 Critical Warnings and 0 Errors encountered.
synth_design completed successfully
synth_design: Time (s): cpu = 00:00:23 ; elapsed = 00:00:40 . Memory (MB): peak = 2401.488 ; gain = 71.699 ; free physical = 831 ; free virtual = 4002
INFO: [Common 17-1381] The checkpoint '/home/brandon/Documentos/p6PARTE1/p6PARTE1.runs/synth_1/alu1.dcp' has been generated.
INFO: [runtcl-4] Executing : report_utilization -file alu1_utilization_synth.rpt -pb alu1_utilization_synth.pb
INFO: [Common 17-206] Exiting Vivado at Tue Oct  5 18:21:29 2021...
