Vivado Simulator 2020.2
Copyright 1986-1999, 2001-2020 Xilinx, Inc. All Rights Reserved.
Running: /tools/Xilinx/Vivado/2020.2/bin/unwrapped/lnx64.o/xelab -wto 86e704f8ef064466abc883242f257397 --incr --debug typical --relax --mt 8 -L xil_defaultlib -L secureip --snapshot tb_UnidadControl_behav xil_defaultlib.tb_UnidadControl -log elaborate.log 
Using 8 slave threads.
Starting static elaboration
Completed static elaboration
Starting simulation data flow analysis
Completed simulation data flow analysis
Time Resolution for simulation is 1ps
Compiling package std.standard
Compiling package std.textio
Compiling package ieee.std_logic_1164
Compiling package ieee.std_logic_arith
Compiling package ieee.std_logic_unsigned
Compiling package ieee.std_logic_textio
Compiling package xil_defaultlib.package_p10
Compiling architecture behavioral of entity xil_defaultlib.CartaASM [cartaasm_default]
Compiling architecture behavioral of entity xil_defaultlib.Condicion [condicion_default]
Compiling architecture behavioral of entity xil_defaultlib.DecodificadorInstruccion [decodificadorinstruccion_default]
Compiling architecture behavioral of entity xil_defaultlib.MicrocodigoFuncion [microcodigofuncion_default]
Compiling architecture behavioral of entity xil_defaultlib.MicrocodigoOpcode [microcodigoopcode_default]
Compiling architecture a_mux of entity xil_defaultlib.Mux [mux_default]
Compiling architecture behavioral of entity xil_defaultlib.Mux2C [mux2c_default]
Compiling architecture behavioral of entity xil_defaultlib.Nivel [nivel_default]
Compiling architecture behavioral of entity xil_defaultlib.RegistroEstados [registroestados_default]
Compiling architecture behavioral of entity xil_defaultlib.main [main_default]
Compiling architecture behavior of entity xil_defaultlib.tb_unidadcontrol
Built simulation snapshot tb_UnidadControl_behav
